# JRE version: Java(TM) SE Runtime Environment (8.0_144-b01) (build 1.8.0_144-b01)
# Java VM: Java HotSpot(TM) Client VM (25.144-b01 mixed mode windows-x86 )
Heap:
 def new generation   total 4992K, used 402K [0x03e00000, 0x04360000, 0x09350000)
  eden space 4480K,   0% used [0x03e00000, 0x03e09ec0, 0x04260000)
  from space 512K,  70% used [0x042e0000, 0x0433a980, 0x04360000)
  to   space 512K,   0% used [0x04260000, 0x04260000, 0x042e0000)
 tenured generation   total 19140K, used 15569K [0x09350000, 0x0a601000, 0x13e00000)
   the space 19140K,  81% used [0x09350000, 0x0a2847d8, 0x0a284800, 0x0a601000)
 Metaspace       used 10858K, capacity 11386K, committed 11392K, reserved 11648K
GC Heap History (10 events):
Event: 0.803 GC heap before
{Heap before GC invocations=2 (full 0):
 def new generation   total 4928K, used 4748K [0x03e00000, 0x04350000, 0x09350000)
  eden space 4416K, 100% used [0x03e00000, 0x04250000, 0x04250000)
  from space 512K,  65% used [0x04250000, 0x042a3340, 0x042d0000)
  to   space 512K,   0% used [0x042d0000, 0x042d0000, 0x04350000)
 tenured generation   total 10944K, used 679K [0x09350000, 0x09e00000, 0x13e00000)
   the space 10944K,   6% used [0x09350000, 0x093f9f78, 0x093fa000, 0x09e00000)
 Metaspace       used 5905K, capacity 6207K, committed 6272K, reserved 6528K
Event: 0.810 GC heap after
Heap after GC invocations=3 (full 0):
 def new generation   total 4928K, used 512K [0x03e00000, 0x04350000, 0x09350000)
  eden space 4416K,   0% used [0x03e00000, 0x03e00000, 0x04250000)
  from space 512K, 100% used [0x042d0000, 0x04350000, 0x04350000)
  to   space 512K,   0% used [0x04250000, 0x04250000, 0x042d0000)
 tenured generation   total 10944K, used 1496K [0x09350000, 0x09e00000, 0x13e00000)
   the space 10944K,  13% used [0x09350000, 0x094c6260, 0x094c6400, 0x09e00000)
 Metaspace       used 5905K, capacity 6207K, committed 6272K, reserved 6528K
}
Event: 1.106 GC heap before
{Heap before GC invocations=3 (full 0):
 def new generation   total 4928K, used 4928K [0x03e00000, 0x04350000, 0x09350000)
  eden space 4416K, 100% used [0x03e00000, 0x04250000, 0x04250000)
  from space 512K, 100% used [0x042d0000, 0x04350000, 0x04350000)
  to   space 512K,   0% used [0x04250000, 0x04250000, 0x042d0000)
 tenured generation   total 10944K, used 1496K [0x09350000, 0x09e00000, 0x13e00000)
   the space 10944K,  13% used [0x09350000, 0x094c6260, 0x094c6400, 0x09e00000)
 Metaspace       used 7338K, capacity 7695K, committed 7808K, reserved 8576K
Event: 1.112 GC heap after
Heap after GC invocations=4 (full 0):
 def new generation   total 4928K, used 512K [0x03e00000, 0x04350000, 0x09350000)
  eden space 4416K,   0% used [0x03e00000, 0x03e00000, 0x04250000)
  from space 512K, 100% used [0x04250000, 0x042d0000, 0x042d0000)
  to   space 512K,   0% used [0x042d0000, 0x042d0000, 0x04350000)
 tenured generation   total 10944K, used 2066K [0x09350000, 0x09e00000, 0x13e00000)
   the space 10944K,  18% used [0x09350000, 0x09554ae0, 0x09554c00, 0x09e00000)
 Metaspace       used 7338K, capacity 7695K, committed 7808K, reserved 8576K
}
Event: 1.431 GC heap before
{Heap before GC invocations=4 (full 0):
 def new generation   total 4928K, used 4928K [0x03e00000, 0x04350000, 0x09350000)
  eden space 4416K, 100% used [0x03e00000, 0x04250000, 0x04250000)
  from space 512K, 100% used [0x04250000, 0x042d0000, 0x042d0000)
  to   space 512K,   0% used [0x042d0000, 0x042d0000, 0x04350000)
 tenured generation   total 10944K, used 2066K [0x09350000, 0x09e00000, 0x13e00000)
   the space 10944K,  18% used [0x09350000, 0x09554ae0, 0x09554c00, 0x09e00000)
 Metaspace       used 8409K, capacity 8798K, committed 8832K, reserved 9600K
Event: 1.435 GC heap after
Heap after GC invocations=5 (full 0):
 def new generation   total 4928K, used 258K [0x03e00000, 0x04350000, 0x09350000)
  eden space 4416K,   0% used [0x03e00000, 0x03e00000, 0x04250000)
  from space 512K,  50% used [0x042d0000, 0x043108b8, 0x04350000)
  to   space 512K,   0% used [0x04250000, 0x04250000, 0x042d0000)
 tenured generation   total 10944K, used 2564K [0x09350000, 0x09e00000, 0x13e00000)
   the space 10944K,  23% used [0x09350000, 0x095d12c0, 0x095d1400, 0x09e00000)
 Metaspace       used 8409K, capacity 8798K, committed 8832K, reserved 9600K
}
Event: 1.658 GC heap before
{Heap before GC invocations=5 (full 0):
 def new generation   total 4928K, used 4674K [0x03e00000, 0x04350000, 0x09350000)
  eden space 4416K, 100% used [0x03e00000, 0x04250000, 0x04250000)
  from space 512K,  50% used [0x042d0000, 0x043108b8, 0x04350000)
  to   space 512K,   0% used [0x04250000, 0x04250000, 0x042d0000)
 tenured generation   total 10944K, used 2564K [0x09350000, 0x09e00000, 0x13e00000)
   the space 10944K,  23% used [0x09350000, 0x095d12c0, 0x095d1400, 0x09e00000)
 Metaspace       used 9438K, capacity 9900K, committed 9984K, reserved 10624K
Event: 1.662 GC heap after
Heap after GC invocations=6 (full 0):
 def new generation   total 4928K, used 449K [0x03e00000, 0x04350000, 0x09350000)
  eden space 4416K,   0% used [0x03e00000, 0x03e00000, 0x04250000)
  from space 512K,  87% used [0x04250000, 0x042c06a8, 0x042d0000)
  to   space 512K,   0% used [0x042d0000, 0x042d0000, 0x04350000)
 tenured generation   total 10944K, used 2786K [0x09350000, 0x09e00000, 0x13e00000)
   the space 10944K,  25% used [0x09350000, 0x09608b28, 0x09608c00, 0x09e00000)
 Metaspace       used 9438K, capacity 9900K, committed 9984K, reserved 10624K
}
Event: 1.774 GC heap before
{Heap before GC invocations=6 (full 0):
 def new generation   total 4928K, used 4150K [0x03e00000, 0x04350000, 0x09350000)
  eden space 4416K,  83% used [0x03e00000, 0x0419d320, 0x04250000)
  from space 512K,  87% used [0x04250000, 0x042c06a8, 0x042d0000)
  to   space 512K,   0% used [0x042d0000, 0x042d0000, 0x04350000)
 tenured generation   total 10944K, used 2786K [0x09350000, 0x09e00000, 0x13e00000)
   the space 10944K,  25% used [0x09350000, 0x09608b28, 0x09608c00, 0x09e00000)
 Metaspace       used 9864K, capacity 10342K, committed 10368K, reserved 10624K
Event: 1.809 GC heap after
Heap after GC invocations=7 (full 1):
 def new generation   total 4992K, used 0K [0x03e00000, 0x04360000, 0x09350000)
  eden space 4480K,   0% used [0x03e00000, 0x03e00000, 0x04260000)
  from space 512K,   0% used [0x04260000, 0x04260000, 0x042e0000)
  to   space 512K,   0% used [0x042e0000, 0x042e0000, 0x04360000)
 tenured generation   total 10944K, used 5329K [0x09350000, 0x09e00000, 0x13e00000)
   the space 10944K,  48% used [0x09350000, 0x098847b8, 0x09884800, 0x09e00000)
 Metaspace       used 9864K, capacity 10342K, committed 10368K, reserved 10624K
}

