# JRE version: Java(TM) SE Runtime Environment (8.0_144-b01) (build 1.8.0_144-b01)
# Java VM: Java HotSpot(TM) Client VM (25.144-b01 mixed mode windows-x86 )
Heap:
 def new generation   total 4992K, used 1145K [0x03e00000, 0x04360000, 0x09350000)
  eden space 4480K,  20% used [0x03e00000, 0x03ee0800, 0x04260000)
  from space 512K,  48% used [0x042e0000, 0x0431de78, 0x04360000)
  to   space 512K,   0% used [0x04260000, 0x04260000, 0x042e0000)
 tenured generation   total 19140K, used 15571K [0x09350000, 0x0a601000, 0x13e00000)
   the space 19140K,  81% used [0x09350000, 0x0a284f80, 0x0a285000, 0x0a601000)
 Metaspace       used 11004K, capacity 11542K, committed 11648K, reserved 11648K
GC Heap History (10 events):
Event: 1.094 GC heap before
{Heap before GC invocations=3 (full 0):
 def new generation   total 4928K, used 4928K [0x03e00000, 0x04350000, 0x09350000)
  eden space 4416K, 100% used [0x03e00000, 0x04250000, 0x04250000)
  from space 512K, 100% used [0x042d0000, 0x04350000, 0x04350000)
  to   space 512K,   0% used [0x04250000, 0x04250000, 0x042d0000)
 tenured generation   total 10944K, used 1494K [0x09350000, 0x09e00000, 0x13e00000)
   the space 10944K,  13% used [0x09350000, 0x094c5a40, 0x094c5c00, 0x09e00000)
 Metaspace       used 7336K, capacity 7695K, committed 7808K, reserved 8576K
Event: 1.102 GC heap after
Heap after GC invocations=4 (full 0):
 def new generation   total 4928K, used 512K [0x03e00000, 0x04350000, 0x09350000)
  eden space 4416K,   0% used [0x03e00000, 0x03e00000, 0x04250000)
  from space 512K, 100% used [0x04250000, 0x042d0000, 0x042d0000)
  to   space 512K,   0% used [0x042d0000, 0x042d0000, 0x04350000)
 tenured generation   total 10944K, used 2066K [0x09350000, 0x09e00000, 0x13e00000)
   the space 10944K,  18% used [0x09350000, 0x09554bb0, 0x09554c00, 0x09e00000)
 Metaspace       used 7336K, capacity 7695K, committed 7808K, reserved 8576K
}
Event: 1.401 GC heap before
{Heap before GC invocations=4 (full 0):
 def new generation   total 4928K, used 4928K [0x03e00000, 0x04350000, 0x09350000)
  eden space 4416K, 100% used [0x03e00000, 0x04250000, 0x04250000)
  from space 512K, 100% used [0x04250000, 0x042d0000, 0x042d0000)
  to   space 512K,   0% used [0x042d0000, 0x042d0000, 0x04350000)
 tenured generation   total 10944K, used 2066K [0x09350000, 0x09e00000, 0x13e00000)
   the space 10944K,  18% used [0x09350000, 0x09554bb0, 0x09554c00, 0x09e00000)
 Metaspace       used 8409K, capacity 8798K, committed 8832K, reserved 9600K
Event: 1.406 GC heap after
Heap after GC invocations=5 (full 0):
 def new generation   total 4928K, used 258K [0x03e00000, 0x04350000, 0x09350000)
  eden space 4416K,   0% used [0x03e00000, 0x03e00000, 0x04250000)
  from space 512K,  50% used [0x042d0000, 0x04310970, 0x04350000)
  to   space 512K,   0% used [0x04250000, 0x04250000, 0x042d0000)
 tenured generation   total 10944K, used 2564K [0x09350000, 0x09e00000, 0x13e00000)
   the space 10944K,  23% used [0x09350000, 0x095d11d0, 0x095d1200, 0x09e00000)
 Metaspace       used 8409K, capacity 8798K, committed 8832K, reserved 9600K
}
Event: 1.624 GC heap before
{Heap before GC invocations=5 (full 0):
 def new generation   total 4928K, used 4674K [0x03e00000, 0x04350000, 0x09350000)
  eden space 4416K, 100% used [0x03e00000, 0x04250000, 0x04250000)
  from space 512K,  50% used [0x042d0000, 0x04310970, 0x04350000)
  to   space 512K,   0% used [0x04250000, 0x04250000, 0x042d0000)
 tenured generation   total 10944K, used 2564K [0x09350000, 0x09e00000, 0x13e00000)
   the space 10944K,  23% used [0x09350000, 0x095d11d0, 0x095d1200, 0x09e00000)
 Metaspace       used 9384K, capacity 9833K, committed 9856K, reserved 10624K
Event: 1.630 GC heap after
Heap after GC invocations=6 (full 0):
 def new generation   total 4928K, used 423K [0x03e00000, 0x04350000, 0x09350000)
  eden space 4416K,   0% used [0x03e00000, 0x03e00000, 0x04250000)
  from space 512K,  82% used [0x04250000, 0x042b9ce8, 0x042d0000)
  to   space 512K,   0% used [0x042d0000, 0x042d0000, 0x04350000)
 tenured generation   total 10944K, used 2786K [0x09350000, 0x09e00000, 0x13e00000)
   the space 10944K,  25% used [0x09350000, 0x09608af0, 0x09608c00, 0x09e00000)
 Metaspace       used 9384K, capacity 9833K, committed 9856K, reserved 10624K
}
Event: 1.741 GC heap before
{Heap before GC invocations=6 (full 0):
 def new generation   total 4928K, used 4135K [0x03e00000, 0x04350000, 0x09350000)
  eden space 4416K,  84% used [0x03e00000, 0x041a0058, 0x04250000)
  from space 512K,  82% used [0x04250000, 0x042b9ce8, 0x042d0000)
  to   space 512K,   0% used [0x042d0000, 0x042d0000, 0x04350000)
 tenured generation   total 10944K, used 2786K [0x09350000, 0x09e00000, 0x13e00000)
   the space 10944K,  25% used [0x09350000, 0x09608af0, 0x09608c00, 0x09e00000)
 Metaspace       used 9870K, capacity 10376K, committed 10496K, reserved 10624K
Event: 1.772 GC heap after
Heap after GC invocations=7 (full 1):
 def new generation   total 4992K, used 0K [0x03e00000, 0x04360000, 0x09350000)
  eden space 4480K,   0% used [0x03e00000, 0x03e00000, 0x04260000)
  from space 512K,   0% used [0x04260000, 0x04260000, 0x042e0000)
  to   space 512K,   0% used [0x042e0000, 0x042e0000, 0x04360000)
 tenured generation   total 10944K, used 5331K [0x09350000, 0x09e00000, 0x13e00000)
   the space 10944K,  48% used [0x09350000, 0x09884f60, 0x09885000, 0x09e00000)
 Metaspace       used 9870K, capacity 10376K, committed 10496K, reserved 10624K
}
Event: 11.801 GC heap before
{Heap before GC invocations=7 (full 1):
 def new generation   total 4992K, used 4480K [0x03e00000, 0x04360000, 0x09350000)
  eden space 4480K, 100% used [0x03e00000, 0x04260000, 0x04260000)
  from space 512K,   0% used [0x04260000, 0x04260000, 0x042e0000)
  to   space 512K,   0% used [0x042e0000, 0x042e0000, 0x04360000)
 tenured generation   total 19140K, used 13523K [0x09350000, 0x0a601000, 0x13e00000)
   the space 19140K,  70% used [0x09350000, 0x0a084f70, 0x0a085000, 0x0a601000)
 Metaspace       used 10533K, capacity 11074K, committed 11136K, reserved 11648K
Event: 11.807 GC heap after
Heap after GC invocations=8 (full 1):
 def new generation   total 4992K, used 247K [0x03e00000, 0x04360000, 0x09350000)
  eden space 4480K,   0% used [0x03e00000, 0x03e00000, 0x04260000)
  from space 512K,  48% used [0x042e0000, 0x0431de78, 0x04360000)
  to   space 512K,   0% used [0x04260000, 0x04260000, 0x042e0000)
 tenured generation   total 19140K, used 15571K [0x09350000, 0x0a601000, 0x13e00000)
   the space 19140K,  81% used [0x09350000, 0x0a284f80, 0x0a285000, 0x0a601000)
 Metaspace       used 10533K, capacity 11074K, committed 11136K, reserved 11648K
}

